# JRE version: Java(TM) SE Runtime Environment (16.0.2+7) (build 16.0.2+7-67)
# Java VM: Java HotSpot(TM) 64-Bit Server VM (16.0.2+7-67, mixed mode, sharing, tiered, compressed oops, compressed class ptrs, g1 gc, windows-amd64)
GC Precious Log:
 CPUs: 4 total, 4 available
 Memory: 15802M
 Large Page Support: Disabled
 NUMA Support: Disabled
 Compressed Oops: Enabled (Zero based)
 Heap Region Size: 2M
 Heap Min Capacity: 8M
 Heap Initial Capacity: 248M
 Heap Max Capacity: 3952M
 Pre-touch: Disabled
 Parallel Workers: 4
 Concurrent Workers: 1
 Concurrent Refinement Workers: 4
 Periodic GC: Disabled
Heap:
 garbage-first heap   total 75776K, used 61995K [0x0000000709000000, 0x0000000800000000)
  region size 2048K, 17 young (34816K), 0 survivors (0K)
 Metaspace       used 59877K, committed 60352K, reserved 1105920K
  class space    used 7454K, committed 7680K, reserved 1048576K
GC Heap History (20 events):
Event: 21.746 GC heap after
{Heap after GC invocations=15 (full 0):
 garbage-first heap   total 75776K, used 22784K [0x0000000709000000, 0x0000000800000000)
  region size 2048K, 2 young (4096K), 2 survivors (4096K)
 Metaspace       used 49264K, committed 49600K, reserved 1097728K
  class space    used 6495K, committed 6656K, reserved 1048576K
}
Event: 23.206 GC heap before
{Heap before GC invocations=15 (full 0):
 garbage-first heap   total 75776K, used 55552K [0x0000000709000000, 0x0000000800000000)
  region size 2048K, 18 young (36864K), 2 survivors (4096K)
 Metaspace       used 49570K, committed 49984K, reserved 1097728K
  class space    used 6512K, committed 6720K, reserved 1048576K
}
Event: 23.213 GC heap after
{Heap after GC invocations=16 (full 0):
 garbage-first heap   total 75776K, used 23184K [0x0000000709000000, 0x0000000800000000)
  region size 2048K, 2 young (4096K), 2 survivors (4096K)
 Metaspace       used 49570K, committed 49984K, reserved 1097728K
  class space    used 6512K, committed 6720K, reserved 1048576K
}
Event: 26.747 GC heap before
{Heap before GC invocations=16 (full 0):
 garbage-first heap   total 75776K, used 55952K [0x0000000709000000, 0x0000000800000000)
  region size 2048K, 18 young (36864K), 2 survivors (4096K)
 Metaspace       used 52098K, committed 52480K, reserved 1097728K
  class space    used 6834K, committed 7040K, reserved 1048576K
}
Event: 26.756 GC heap after
{Heap after GC invocations=17 (full 0):
 garbage-first heap   total 75776K, used 25747K [0x0000000709000000, 0x0000000800000000)
  region size 2048K, 2 young (4096K), 2 survivors (4096K)
 Metaspace       used 52098K, committed 52480K, reserved 1097728K
  class space    used 6834K, committed 7040K, reserved 1048576K
}
Event: 31.737 GC heap before
{Heap before GC invocations=17 (full 0):
 garbage-first heap   total 75776K, used 56467K [0x0000000709000000, 0x0000000800000000)
  region size 2048K, 17 young (34816K), 2 survivors (4096K)
 Metaspace       used 57709K, committed 58176K, reserved 1105920K
  class space    used 7450K, committed 7680K, reserved 1048576K
}
Event: 31.747 GC heap after
{Heap after GC invocations=18 (full 0):
 garbage-first heap   total 75776K, used 27733K [0x0000000709000000, 0x0000000800000000)
  region size 2048K, 3 young (6144K), 3 survivors (6144K)
 Metaspace       used 57709K, committed 58176K, reserved 1105920K
  class space    used 7450K, committed 7680K, reserved 1048576K
}
Event: 36.166 GC heap before
{Heap before GC invocations=18 (full 0):
 garbage-first heap   total 75776K, used 50261K [0x0000000709000000, 0x0000000800000000)
  region size 2048K, 15 young (30720K), 3 survivors (6144K)
 Metaspace       used 59047K, committed 59520K, reserved 1105920K
  class space    used 7451K, committed 7680K, reserved 1048576K
}
Event: 36.175 GC heap after
{Heap after GC invocations=19 (full 0):
 garbage-first heap   total 75776K, used 27929K [0x0000000709000000, 0x0000000800000000)
  region size 2048K, 2 young (4096K), 2 survivors (4096K)
 Metaspace       used 59047K, committed 59520K, reserved 1105920K
  class space    used 7451K, committed 7680K, reserved 1048576K
}
Event: 41.416 GC heap before
{Heap before GC invocations=20 (full 0):
 garbage-first heap   total 75776K, used 56601K [0x0000000709000000, 0x0000000800000000)
  region size 2048K, 16 young (32768K), 2 survivors (4096K)
 Metaspace       used 59725K, committed 60224K, reserved 1105920K
  class space    used 7451K, committed 7680K, reserved 1048576K
}
Event: 41.424 GC heap after
{Heap after GC invocations=21 (full 0):
 garbage-first heap   total 75776K, used 28328K [0x0000000709000000, 0x0000000800000000)
  region size 2048K, 1 young (2048K), 1 survivors (2048K)
 Metaspace       used 59725K, committed 60224K, reserved 1105920K
  class space    used 7451K, committed 7680K, reserved 1048576K
}
Event: 41.725 GC heap before
{Heap before GC invocations=21 (full 0):
 garbage-first heap   total 75776K, used 30376K [0x0000000709000000, 0x0000000800000000)
  region size 2048K, 2 young (4096K), 1 survivors (2048K)
 Metaspace       used 59757K, committed 60224K, reserved 1105920K
  class space    used 7451K, committed 7680K, reserved 1048576K
}
Event: 41.737 GC heap after
{Heap after GC invocations=22 (full 0):
 garbage-first heap   total 75776K, used 27217K [0x0000000709000000, 0x0000000800000000)
  region size 2048K, 1 young (2048K), 1 survivors (2048K)
 Metaspace       used 59757K, committed 60224K, reserved 1105920K
  class space    used 7451K, committed 7680K, reserved 1048576K
}
Event: 47.531 GC heap before
{Heap before GC invocations=22 (full 0):
 garbage-first heap   total 75776K, used 59985K [0x0000000709000000, 0x0000000800000000)
  region size 2048K, 17 young (34816K), 1 survivors (2048K)
 Metaspace       used 59856K, committed 60288K, reserved 1105920K
  class space    used 7452K, committed 7680K, reserved 1048576K
}
Event: 47.536 GC heap after
{Heap after GC invocations=23 (full 0):
 garbage-first heap   total 75776K, used 27118K [0x0000000709000000, 0x0000000800000000)
  region size 2048K, 1 young (2048K), 1 survivors (2048K)
 Metaspace       used 59856K, committed 60288K, reserved 1105920K
  class space    used 7452K, committed 7680K, reserved 1048576K
}
Event: 52.121 GC heap before
{Heap before GC invocations=23 (full 0):
 garbage-first heap   total 75776K, used 59886K [0x0000000709000000, 0x0000000800000000)
  region size 2048K, 17 young (34816K), 1 survivors (2048K)
 Metaspace       used 59875K, committed 60352K, reserved 1105920K
  class space    used 7452K, committed 7680K, reserved 1048576K
}
Event: 52.125 GC heap after
{Heap after GC invocations=24 (full 0):
 garbage-first heap   total 75776K, used 27142K [0x0000000709000000, 0x0000000800000000)
  region size 2048K, 1 young (2048K), 1 survivors (2048K)
 Metaspace       used 59875K, committed 60352K, reserved 1105920K
  class space    used 7452K, committed 7680K, reserved 1048576K
}
Event: 56.880 GC heap before
{Heap before GC invocations=24 (full 0):
 garbage-first heap   total 75776K, used 59910K [0x0000000709000000, 0x0000000800000000)
  region size 2048K, 17 young (34816K), 1 survivors (2048K)
 Metaspace       used 59876K, committed 60352K, reserved 1105920K
  class space    used 7453K, committed 7680K, reserved 1048576K
}
Event: 56.883 GC heap after
{Heap after GC invocations=25 (full 0):
 garbage-first heap   total 75776K, used 27179K [0x0000000709000000, 0x0000000800000000)
  region size 2048K, 1 young (2048K), 1 survivors (2048K)
 Metaspace       used 59876K, committed 60352K, reserved 1105920K
  class space    used 7453K, committed 7680K, reserved 1048576K
}
Event: 61.165 GC heap before
{Heap before GC invocations=25 (full 0):
 garbage-first heap   total 75776K, used 61995K [0x0000000709000000, 0x0000000800000000)
  region size 2048K, 18 young (36864K), 1 survivors (2048K)
 Metaspace       used 59877K, committed 60352K, reserved 1105920K
  class space    used 7454K, committed 7680K, reserved 1048576K
}

